<?xml version="1.0" encoding="UTF-8"?>
<!-- Generated by org.testng.reporters.JUnitReportReporter -->
<testsuite skipped="0" hostname="DESKTOP-HOU0PE6" name="test.tests.GeneralFlow" tests="1" failures="0" timestamp="17 May 2018 05:36:56 GMT" time="11.994" errors="0">
  <testcase name="GeneralFlowForTesting" time="11.994" classname="test.tests.GeneralFlow"/>
</testsuite> <!-- test.tests.GeneralFlow -->
