<?xml version="1.0" encoding="UTF-8"?>
<!-- Generated by org.testng.reporters.JUnitReportReporter -->
<testsuite skipped="0" hostname="DESKTOP-HOU0PE6" name="test.tests.Setup" tests="1" failures="0" timestamp="14 May 2018 09:35:30 GMT" time="18.719" errors="0">
  <testcase name="Login" time="18.719" classname="test.tests.Setup"/>
</testsuite> <!-- test.tests.Setup -->
