<?xml version="1.0" encoding="UTF-8"?>
<!-- Generated by org.testng.reporters.JUnitReportReporter -->
<testsuite skipped="0" hostname="DESKTOP-HOU0PE6" name="test.tests.GeneralFlow" tests="1" failures="0" timestamp="14 May 2018 09:44:51 GMT" time="9.076" errors="0">
  <testcase name="GeneralFlowForTesting" time="9.076" classname="test.tests.GeneralFlow"/>
</testsuite> <!-- test.tests.GeneralFlow -->
